------------------------------------------------------------------------------------------------------------------------

[2025-11-13 13:06:47 #1 store] 
Database 'C:\Users\User\git\proiektu\src\main\resources\rides.temp' is opened by 5892@DESKTOP-LICT43R

[2025-11-13 13:06:47 #2 type.registry] 
New type domain.User

[2025-11-13 13:06:47 #3 type.registry] 
New type domain.Driver

[2025-11-13 13:06:47 #4 type] 
Type domain.User is not enhanced.

[2025-11-13 13:06:47 #5 type.registry] 
New type domain.Erreklamazio

[2025-11-13 13:06:47 #6 type.registry] 
New type java.util.ArrayList<domain.Erreklamazio>

[2025-11-13 13:06:47 #7 type.registry] 
New type domain.Balorazioa

[2025-11-13 13:06:47 #8 type.registry] 
New type java.util.ArrayList<domain.Balorazioa>

[2025-11-13 13:06:47 #9 type.registry] 
New type domain.Mugimendua

[2025-11-13 13:06:47 #10 type.registry] 
New type domain.Ride

[2025-11-13 13:06:47 #11 type] 
Type domain.Driver is not enhanced.

[2025-11-13 13:06:47 #12 type.registry] 
New type domain.Kotxe

[2025-11-13 13:06:47 #13 type] 
Type domain.Erreklamazio is not enhanced.

[2025-11-13 13:06:47 #14 type.registry] 
New type domain.Mezua

[2025-11-13 13:06:47 #15 type.registry] 
New type java.util.ArrayList<domain.Mezua>

[2025-11-13 13:06:47 #16 type] 
Type domain.Balorazioa is not enhanced.

[2025-11-13 13:06:47 #17 type] 
Type domain.Mugimendua is not enhanced.

[2025-11-13 13:06:47 #18 type] 
Type domain.Ride is not enhanced.

[2025-11-13 13:06:47 #19 type] 
Type domain.Kotxe is not enhanced.

[2025-11-13 13:06:47 #20 type] 
Type domain.Mezua is not enhanced.

[2025-11-13 13:06:47 #21 type.registry] 
New type java.util.Vector<java.lang.Object>

[2025-11-13 13:06:47 #22 type.registry] 
New type java.util.ArrayList<java.lang.Object>

[2025-11-13 13:06:47 #23 type.registry] 
New type java.util.Vector<domain.Ride>

[2025-11-13 13:06:47 #24 type.registry] 
New type java.util.Vector<domain.Mugimendua>

[2025-11-13 13:06:47 #25 type.registry] 
New type java.util.ArrayList<domain.Ride>

[2025-11-13 13:06:47 #26 type.registry] 
New type java.util.ArrayList<domain.Kotxe>

------------------------------------------------------------------------------------------------------------------------

[2025-11-13 13:34:24 #1 store] 
Database 'C:\Users\User\git\proiektu\src\main\resources\rides.temp' is opened by 4104@DESKTOP-LICT43R

[2025-11-13 13:34:25 #2 type.registry] 
New type domain.User

[2025-11-13 13:34:25 #3 type.registry] 
New type domain.Driver

[2025-11-13 13:34:25 #4 type] 
Type domain.User is not enhanced.

[2025-11-13 13:34:25 #5 type.registry] 
New type domain.Erreklamazio

[2025-11-13 13:34:25 #6 type.registry] 
New type java.util.ArrayList<domain.Erreklamazio>

[2025-11-13 13:34:25 #7 type.registry] 
New type domain.Balorazioa

[2025-11-13 13:34:25 #8 type.registry] 
New type java.util.ArrayList<domain.Balorazioa>

[2025-11-13 13:34:25 #9 type.registry] 
New type domain.Mugimendua

[2025-11-13 13:34:25 #10 type.registry] 
New type domain.Ride

[2025-11-13 13:34:25 #11 type] 
Type domain.Driver is not enhanced.

[2025-11-13 13:34:25 #12 type.registry] 
New type domain.Kotxe

[2025-11-13 13:34:25 #13 type] 
Type domain.Erreklamazio is not enhanced.

[2025-11-13 13:34:25 #14 type.registry] 
New type domain.Mezua

[2025-11-13 13:34:25 #15 type.registry] 
New type java.util.ArrayList<domain.Mezua>

[2025-11-13 13:34:25 #16 type] 
Type domain.Balorazioa is not enhanced.

[2025-11-13 13:34:25 #17 type] 
Type domain.Mugimendua is not enhanced.

[2025-11-13 13:34:25 #18 type] 
Type domain.Ride is not enhanced.

[2025-11-13 13:34:25 #19 type] 
Type domain.Kotxe is not enhanced.

[2025-11-13 13:34:25 #20 type] 
Type domain.Mezua is not enhanced.

[2025-11-13 13:34:25 #21 type.registry] 
New type java.util.Vector<java.lang.Object>

[2025-11-13 13:34:25 #22 type.registry] 
New type java.util.ArrayList<java.lang.Object>

[2025-11-13 13:34:25 #23 type.registry] 
New type java.util.Vector<domain.Ride>

[2025-11-13 13:34:25 #24 type.registry] 
New type java.util.Vector<domain.Mugimendua>

[2025-11-13 13:34:25 #25 type.registry] 
New type java.util.ArrayList<domain.Ride>

[2025-11-13 13:34:25 #26 type.registry] 
New type java.util.ArrayList<domain.Kotxe>

------------------------------------------------------------------------------------------------------------------------

[2025-11-13 13:34:58 #1 store] 
Database 'C:\Users\User\git\proiektu\src\main\resources\rides.temp' is opened by 22620@DESKTOP-LICT43R

[2025-11-13 13:34:58 #2 type.registry] 
New type domain.User

[2025-11-13 13:34:58 #3 type.registry] 
New type domain.Driver

[2025-11-13 13:34:58 #4 type] 
Type domain.User is not enhanced.

[2025-11-13 13:34:58 #5 type.registry] 
New type domain.Erreklamazio

[2025-11-13 13:34:58 #6 type.registry] 
New type java.util.ArrayList<domain.Erreklamazio>

[2025-11-13 13:34:58 #7 type.registry] 
New type domain.Balorazioa

[2025-11-13 13:34:58 #8 type.registry] 
New type java.util.ArrayList<domain.Balorazioa>

[2025-11-13 13:34:58 #9 type.registry] 
New type domain.Mugimendua

[2025-11-13 13:34:58 #10 type.registry] 
New type domain.Ride

[2025-11-13 13:34:58 #11 type] 
Type domain.Driver is not enhanced.

[2025-11-13 13:34:58 #12 type.registry] 
New type domain.Kotxe

[2025-11-13 13:34:58 #13 type] 
Type domain.Erreklamazio is not enhanced.

[2025-11-13 13:34:58 #14 type.registry] 
New type domain.Mezua

[2025-11-13 13:34:58 #15 type.registry] 
New type java.util.ArrayList<domain.Mezua>

[2025-11-13 13:34:58 #16 type] 
Type domain.Balorazioa is not enhanced.

[2025-11-13 13:34:58 #17 type] 
Type domain.Mugimendua is not enhanced.

[2025-11-13 13:34:58 #18 type] 
Type domain.Ride is not enhanced.

[2025-11-13 13:34:58 #19 type] 
Type domain.Kotxe is not enhanced.

[2025-11-13 13:34:58 #20 type] 
Type domain.Mezua is not enhanced.

[2025-11-13 13:34:58 #21 type.registry] 
New type java.util.Vector<java.lang.Object>

[2025-11-13 13:34:58 #22 type.registry] 
New type java.util.ArrayList<java.lang.Object>

[2025-11-13 13:34:58 #23 type.registry] 
New type java.util.Vector<domain.Ride>

[2025-11-13 13:34:58 #24 type.registry] 
New type java.util.Vector<domain.Mugimendua>

[2025-11-13 13:34:58 #25 type.registry] 
New type java.util.ArrayList<domain.Ride>

[2025-11-13 13:34:58 #26 type.registry] 
New type java.util.ArrayList<domain.Kotxe>

------------------------------------------------------------------------------------------------------------------------

[2025-11-13 18:24:29 #1 store] 
Database '/home/lur/Lur/EHU/3.URTEA/SI2/GITHUB/PROIEKTUAPATROIAK/PROEIKTUAPATROIAK/Rides26/src/main/resources/rides.temp' is opened by 36998@lur-ASUS-TUF-Gaming-F15-FX506HF-FX506HF

[2025-11-13 18:24:29 #2 type.registry] 
New type domain.User

[2025-11-13 18:24:29 #3 type.registry] 
New type domain.Driver

[2025-11-13 18:24:29 #4 type] 
Type domain.User is not enhanced.

[2025-11-13 18:24:29 #5 type.registry] 
New type domain.Erreklamazio

[2025-11-13 18:24:29 #6 type.registry] 
New type java.util.ArrayList<domain.Erreklamazio>

[2025-11-13 18:24:29 #7 type.registry] 
New type domain.Balorazioa

[2025-11-13 18:24:29 #8 type.registry] 
New type java.util.ArrayList<domain.Balorazioa>

[2025-11-13 18:24:29 #9 type.registry] 
New type domain.Mugimendua

[2025-11-13 18:24:29 #10 type.registry] 
New type domain.Ride

[2025-11-13 18:24:29 #11 type] 
Type domain.Driver is not enhanced.

[2025-11-13 18:24:29 #12 type.registry] 
New type domain.Kotxe

[2025-11-13 18:24:29 #13 type] 
Type domain.Erreklamazio is not enhanced.

[2025-11-13 18:24:29 #14 type.registry] 
New type domain.Mezua

[2025-11-13 18:24:29 #15 type.registry] 
New type java.util.ArrayList<domain.Mezua>

[2025-11-13 18:24:29 #16 type] 
Type domain.Balorazioa is not enhanced.

[2025-11-13 18:24:29 #17 type] 
Type domain.Mugimendua is not enhanced.

[2025-11-13 18:24:29 #18 type] 
Type domain.Ride is not enhanced.

[2025-11-13 18:24:29 #19 type] 
Type domain.Kotxe is not enhanced.

[2025-11-13 18:24:29 #20 type] 
Type domain.Mezua is not enhanced.

[2025-11-13 18:24:29 #21 type.registry] 
New type java.util.Vector<java.lang.Object>

[2025-11-13 18:24:29 #22 type.registry] 
New type java.util.ArrayList<java.lang.Object>

[2025-11-13 18:24:29 #23 type.registry] 
New type java.util.Vector<domain.Ride>

[2025-11-13 18:24:29 #24 type.registry] 
New type java.util.Vector<domain.Mugimendua>

[2025-11-13 18:24:29 #25 type.registry] 
New type java.util.ArrayList<domain.Ride>

[2025-11-13 18:24:29 #26 type.registry] 
New type java.util.ArrayList<domain.Kotxe>

------------------------------------------------------------------------------------------------------------------------

[2025-11-13 18:58:18 #1 store] 
Database '/home/lur/Lur/EHU/3.URTEA/SI2/GITHUB/PROIEKTUAPATROIAK/PROEIKTUAPATROIAK/Rides26/src/main/resources/rides.temp' is opened by 38297@lur-ASUS-TUF-Gaming-F15-FX506HF-FX506HF

[2025-11-13 18:58:18 #2 type.registry] 
New type domain.User

[2025-11-13 18:58:18 #3 type.registry] 
New type domain.Driver

[2025-11-13 18:58:18 #4 type] 
Type domain.User is not enhanced.

[2025-11-13 18:58:18 #5 type.registry] 
New type domain.Erreklamazio

[2025-11-13 18:58:18 #6 type.registry] 
New type java.util.ArrayList<domain.Erreklamazio>

[2025-11-13 18:58:18 #7 type.registry] 
New type domain.Balorazioa

[2025-11-13 18:58:18 #8 type.registry] 
New type java.util.ArrayList<domain.Balorazioa>

[2025-11-13 18:58:18 #9 type.registry] 
New type domain.Mugimendua

[2025-11-13 18:58:18 #10 type.registry] 
New type domain.Ride

[2025-11-13 18:58:18 #11 type] 
Type domain.Driver is not enhanced.

[2025-11-13 18:58:18 #12 type.registry] 
New type domain.Kotxe

[2025-11-13 18:58:18 #13 type] 
Type domain.Erreklamazio is not enhanced.

[2025-11-13 18:58:18 #14 type.registry] 
New type domain.Mezua

[2025-11-13 18:58:18 #15 type.registry] 
New type java.util.ArrayList<domain.Mezua>

[2025-11-13 18:58:18 #16 type] 
Type domain.Balorazioa is not enhanced.

[2025-11-13 18:58:18 #17 type] 
Type domain.Mugimendua is not enhanced.

[2025-11-13 18:58:18 #18 type] 
Type domain.Ride is not enhanced.

[2025-11-13 18:58:18 #19 type] 
Type domain.Kotxe is not enhanced.

[2025-11-13 18:58:18 #20 type] 
Type domain.Mezua is not enhanced.

[2025-11-13 18:58:18 #21 type.registry] 
New type java.util.Vector<java.lang.Object>

[2025-11-13 18:58:18 #22 type.registry] 
New type java.util.ArrayList<java.lang.Object>

[2025-11-13 18:58:18 #23 type.registry] 
New type java.util.Vector<domain.Ride>

[2025-11-13 18:58:18 #24 type.registry] 
New type java.util.Vector<domain.Mugimendua>

[2025-11-13 18:58:18 #25 type.registry] 
New type java.util.ArrayList<domain.Ride>

[2025-11-13 18:58:18 #26 type.registry] 
New type java.util.ArrayList<domain.Kotxe>

------------------------------------------------------------------------------------------------------------------------

[2025-11-13 19:05:30 #1 store] 
Database '/home/lur/Lur/EHU/3.URTEA/SI2/GITHUB/PROIEKTUAPATROIAK/PROEIKTUAPATROIAK/Rides26/src/main/resources/rides.temp' is opened by 38566@lur-ASUS-TUF-Gaming-F15-FX506HF-FX506HF

[2025-11-13 19:05:30 #2 type.registry] 
New type domain.User

[2025-11-13 19:05:30 #3 type.registry] 
New type domain.Driver

[2025-11-13 19:05:30 #4 type] 
Type domain.User is not enhanced.

[2025-11-13 19:05:30 #5 type.registry] 
New type domain.Erreklamazio

[2025-11-13 19:05:30 #6 type.registry] 
New type java.util.ArrayList<domain.Erreklamazio>

[2025-11-13 19:05:30 #7 type.registry] 
New type domain.Balorazioa

[2025-11-13 19:05:30 #8 type.registry] 
New type java.util.ArrayList<domain.Balorazioa>

[2025-11-13 19:05:30 #9 type.registry] 
New type domain.Mugimendua

[2025-11-13 19:05:30 #10 type.registry] 
New type domain.Ride

[2025-11-13 19:05:30 #11 type] 
Type domain.Driver is not enhanced.

[2025-11-13 19:05:30 #12 type.registry] 
New type domain.Kotxe

[2025-11-13 19:05:30 #13 type] 
Type domain.Erreklamazio is not enhanced.

[2025-11-13 19:05:30 #14 type.registry] 
New type domain.Mezua

[2025-11-13 19:05:30 #15 type.registry] 
New type java.util.ArrayList<domain.Mezua>

[2025-11-13 19:05:30 #16 type] 
Type domain.Balorazioa is not enhanced.

[2025-11-13 19:05:30 #17 type] 
Type domain.Mugimendua is not enhanced.

[2025-11-13 19:05:30 #18 type] 
Type domain.Ride is not enhanced.

[2025-11-13 19:05:30 #19 type] 
Type domain.Kotxe is not enhanced.

[2025-11-13 19:05:30 #20 type] 
Type domain.Mezua is not enhanced.

[2025-11-13 19:05:30 #21 type.registry] 
New type java.util.Vector<java.lang.Object>

[2025-11-13 19:05:30 #22 type.registry] 
New type java.util.ArrayList<java.lang.Object>

[2025-11-13 19:05:30 #23 type.registry] 
New type java.util.Vector<domain.Ride>

[2025-11-13 19:05:30 #24 type.registry] 
New type java.util.Vector<domain.Mugimendua>

[2025-11-13 19:05:30 #25 type.registry] 
New type java.util.ArrayList<domain.Ride>

[2025-11-13 19:05:30 #26 type.registry] 
New type java.util.ArrayList<domain.Kotxe>

------------------------------------------------------------------------------------------------------------------------

[2025-11-13 19:33:38 #1 store] 
Database '/home/lur/Lur/EHU/3.URTEA/SI2/GITHUB/PROIEKTUAPATROIAK/PROEIKTUAPATROIAK/Rides26/src/main/resources/rides.temp' is opened by 41650@lur-ASUS-TUF-Gaming-F15-FX506HF-FX506HF

[2025-11-13 19:33:38 #2 type.registry] 
New type domain.User

[2025-11-13 19:33:38 #3 type.registry] 
New type domain.Driver

[2025-11-13 19:33:38 #4 type] 
Type domain.User is not enhanced.

[2025-11-13 19:33:38 #5 type.registry] 
New type domain.Erreklamazio

[2025-11-13 19:33:38 #6 type.registry] 
New type java.util.ArrayList<domain.Erreklamazio>

[2025-11-13 19:33:38 #7 type.registry] 
New type domain.Balorazioa

[2025-11-13 19:33:38 #8 type.registry] 
New type java.util.ArrayList<domain.Balorazioa>

[2025-11-13 19:33:38 #9 type.registry] 
New type domain.Mugimendua

[2025-11-13 19:33:38 #10 type.registry] 
New type domain.Ride

[2025-11-13 19:33:38 #11 type] 
Type domain.Driver is not enhanced.

[2025-11-13 19:33:38 #12 type.registry] 
New type domain.Kotxe

[2025-11-13 19:33:38 #13 type] 
Type domain.Erreklamazio is not enhanced.

[2025-11-13 19:33:38 #14 type.registry] 
New type domain.Mezua

[2025-11-13 19:33:38 #15 type.registry] 
New type java.util.ArrayList<domain.Mezua>

[2025-11-13 19:33:38 #16 type] 
Type domain.Balorazioa is not enhanced.

[2025-11-13 19:33:38 #17 type] 
Type domain.Mugimendua is not enhanced.

[2025-11-13 19:33:38 #18 type] 
Type domain.Ride is not enhanced.

[2025-11-13 19:33:38 #19 type] 
Type domain.Kotxe is not enhanced.

[2025-11-13 19:33:38 #20 type] 
Type domain.Mezua is not enhanced.

[2025-11-13 19:33:38 #21 type.registry] 
New type java.util.Vector<java.lang.Object>

[2025-11-13 19:33:38 #22 type.registry] 
New type java.util.ArrayList<java.lang.Object>

[2025-11-13 19:33:38 #23 type.registry] 
New type java.util.Vector<domain.Ride>

[2025-11-13 19:33:38 #24 type.registry] 
New type java.util.Vector<domain.Mugimendua>

[2025-11-13 19:33:38 #25 type.registry] 
New type java.util.ArrayList<domain.Ride>

[2025-11-13 19:33:38 #26 type.registry] 
New type java.util.ArrayList<domain.Kotxe>

