------------------------------------------------------------------------------------------------------------------------

[2025-10-11 17:26:11 #1 store] 
Database 'C:\Users\User\git\proiektu\src\main\resources\rides.temp' is opened by 55632@DESKTOP-LICT43R

[2025-10-11 17:26:11 #2 type] 
Type domain.User is not enhanced.

[2025-10-11 17:26:11 #3 type] 
Type domain.Erreklamazio is not enhanced.

[2025-10-11 17:26:11 #4 type] 
Type domain.Balorazioa is not enhanced.

[2025-10-11 17:26:11 #5 type] 
Type domain.Mugimendua is not enhanced.

[2025-10-11 17:26:11 #6 type] 
Type domain.Ride is not enhanced.

[2025-10-11 17:26:11 #7 type] 
Type domain.Mezua is not enhanced.

[2025-10-11 17:26:11 #8 type] 
Type domain.Driver is not enhanced.

[2025-10-11 17:26:11 #9 type] 
Type domain.Kotxe is not enhanced.

[2025-10-11 17:26:11 #10 type] 
Type domain.Traveler is not enhanced.

[2025-10-11 17:26:11 #11 type] 
Type domain.Alerta is not enhanced.

[2025-10-11 17:26:11 #12 type] 
Type domain.Erreserba is not enhanced.

